  lecture9.c
C:\Users\Administrator\Desktop\CStudy_0610\HelloWorld\lecture9.c(62,9): warning C4477: 'printf' : 서식 문자열 '%d'에 'int' 형식의 인수가 필요하지만 variadic 인수 1의 형식이 'size_t'입니다.
  C:\Users\Administrator\Desktop\CStudy_0610\HelloWorld\lecture9.c(62,9):
  서식 문자열에서 '%zd'을(를) 사용하는 것이 좋습니다.
  
C:\Users\Administrator\Desktop\CStudy_0610\HelloWorld\lecture9.c(63,9): warning C4477: 'printf' : 서식 문자열 '%d'에 'int' 형식의 인수가 필요하지만 variadic 인수 1의 형식이 'size_t'입니다.
  C:\Users\Administrator\Desktop\CStudy_0610\HelloWorld\lecture9.c(63,9):
  서식 문자열에서 '%zd'을(를) 사용하는 것이 좋습니다.
  
C:\Users\Administrator\Desktop\CStudy_0610\HelloWorld\lecture9.c(64,9): warning C4477: 'printf' : 서식 문자열 '%d'에 'int' 형식의 인수가 필요하지만 variadic 인수 1의 형식이 'size_t'입니다.
  C:\Users\Administrator\Desktop\CStudy_0610\HelloWorld\lecture9.c(64,9):
  서식 문자열에서 '%zd'을(를) 사용하는 것이 좋습니다.
  
C:\Users\Administrator\Desktop\CStudy_0610\HelloWorld\lecture9.c(65,9): warning C4477: 'printf' : 서식 문자열 '%d'에 'int' 형식의 인수가 필요하지만 variadic 인수 1의 형식이 'size_t'입니다.
  C:\Users\Administrator\Desktop\CStudy_0610\HelloWorld\lecture9.c(65,9):
  서식 문자열에서 '%zd'을(를) 사용하는 것이 좋습니다.
  
C:\Users\Administrator\Desktop\CStudy_0610\HelloWorld\lecture9.c(66,9): warning C4477: 'printf' : 서식 문자열 '%d'에 'int' 형식의 인수가 필요하지만 variadic 인수 1의 형식이 'size_t'입니다.
  C:\Users\Administrator\Desktop\CStudy_0610\HelloWorld\lecture9.c(66,9):
  서식 문자열에서 '%zd'을(를) 사용하는 것이 좋습니다.
  
C:\Users\Administrator\Desktop\CStudy_0610\HelloWorld\lecture9.c(69,9): warning C4477: 'printf' : 서식 문자열 '%d'에 'int' 형식의 인수가 필요하지만 variadic 인수 1의 형식이 'size_t'입니다.
  C:\Users\Administrator\Desktop\CStudy_0610\HelloWorld\lecture9.c(69,9):
  서식 문자열에서 '%zd'을(를) 사용하는 것이 좋습니다.
  
C:\Users\Administrator\Desktop\CStudy_0610\HelloWorld\lecture9.c(70,59): warning C4215: 비표준 확장이 사용됨: long float입니다.
C:\Users\Administrator\Desktop\CStudy_0610\HelloWorld\lecture9.c(70,9): warning C4477: 'printf' : 서식 문자열 '%d'에 'int' 형식의 인수가 필요하지만 variadic 인수 1의 형식이 'size_t'입니다.
  C:\Users\Administrator\Desktop\CStudy_0610\HelloWorld\lecture9.c(70,9):
  서식 문자열에서 '%zd'을(를) 사용하는 것이 좋습니다.
  
  HelloWorld.vcxproj -> C:\Users\Administrator\Desktop\CStudy_0610\HelloWorld\x64\Debug\HelloWorld.exe
